<?xml version="1.0" encoding="UTF-8"?>
<!-- Generated by org.testng.reporters.JUnitXMLReporter -->
<testsuite hostname="welcome-PC" name="TestScripts" tests="2" failures="2" timestamp="7 Sep 2017 05:37:08 GMT" time="68.17" errors="0">
  <testcase name="verifyOrangeHRM" time="35.969" classname="TestScripts.Tc1_Login">
    <failure type="java.io.FileNotFoundException" message="C:\SelebiunDefault\HRM_FinalFramework\src\main\java\ElementLocators\Login.properties (The system cannot find the path specified)">
      <![CDATA[java.io.FileNotFoundException: C:\SelebiunDefault\HRM_FinalFramework\src\main\java\ElementLocators\Login.properties (The system cannot find the path specified)
	at java.io.FileInputStream.open0(Native Method)
	at java.io.FileInputStream.open(FileInputStream.java:195)
	at java.io.FileInputStream.<init>(FileInputStream.java:138)
	at BusinessFunctions.Login.setUp(Login.java:20)
	at TestScripts.Tc1_Login.verifyOrangeHRM(Tc1_Login.java:14)
	at org.apache.maven.surefire.testng.TestNGExecutor.run(TestNGExecutor.java:295)
	at org.apache.maven.surefire.testng.TestNGXmlTestSuite.execute(TestNGXmlTestSuite.java:84)
	at org.apache.maven.surefire.testng.TestNGProvider.invoke(TestNGProvider.java:90)
	at org.apache.maven.surefire.booter.ForkedBooter.invokeProviderInSameClassLoader(ForkedBooter.java:203)
	at org.apache.maven.surefire.booter.ForkedBooter.runSuitesInProcess(ForkedBooter.java:155)
	at org.apache.maven.surefire.booter.ForkedBooter.main(ForkedBooter.java:103)
... Removed 21 stack frames]]>
    </failure>
  </testcase> <!-- verifyOrangeHRM -->
  <testcase name="AddEmployee" time="32.161" classname="TestScripts.TC2_AddEmp">
    <failure type="java.io.FileNotFoundException" message="C:\SelebiunDefault\HRM_FinalFramework\src\main\java\ElementLocators\Login.properties (The system cannot find the path specified)">
      <![CDATA[java.io.FileNotFoundException: C:\SelebiunDefault\HRM_FinalFramework\src\main\java\ElementLocators\Login.properties (The system cannot find the path specified)
	at java.io.FileInputStream.open0(Native Method)
	at java.io.FileInputStream.open(FileInputStream.java:195)
	at java.io.FileInputStream.<init>(FileInputStream.java:138)
	at BusinessFunctions.Login.setUp(Login.java:20)
	at TestScripts.TC2_AddEmp.AddEmployee(TC2_AddEmp.java:14)
	at org.apache.maven.surefire.testng.TestNGExecutor.run(TestNGExecutor.java:295)
	at org.apache.maven.surefire.testng.TestNGXmlTestSuite.execute(TestNGXmlTestSuite.java:84)
	at org.apache.maven.surefire.testng.TestNGProvider.invoke(TestNGProvider.java:90)
	at org.apache.maven.surefire.booter.ForkedBooter.invokeProviderInSameClassLoader(ForkedBooter.java:203)
	at org.apache.maven.surefire.booter.ForkedBooter.runSuitesInProcess(ForkedBooter.java:155)
	at org.apache.maven.surefire.booter.ForkedBooter.main(ForkedBooter.java:103)
... Removed 21 stack frames]]>
    </failure>
  </testcase> <!-- AddEmployee -->
</testsuite> <!-- TestScripts -->
